❌ MongoDB connection error: 268 |     checkTLSOptions(allProvidedOptions);
269 |     const unsupportedOptions = (0, utils_1.setDifference)(allProvidedKeys, Array.from(Object.keys(exports.OPTIONS)).map(s => s.toLowerCase()));
270 |     if (unsupportedOptions.size !== 0) {
271 |         const optionWord = unsupportedOptions.size > 1 ? 'options' : 'option';
272 |         const isOrAre = unsupportedOptions.size > 1 ? 'are' : 'is';
273 |         throw new error_1.MongoParseError(`${optionWord} ${Array.from(unsupportedOptions).join(', ')} ${isOrAre} not supported`);
                    ^
error: option buffermaxentries is not supported
 errorLabels: Set {},

      at parseOptions (/home/z/my-project/whatsapp-backend/node_modules/mongodb/lib/connection_string.js:273:15)
      at new MongoClient (/home/z/my-project/whatsapp-backend/node_modules/mongodb/lib/mongo_client.js:48:50)
      at createClient (/home/z/my-project/whatsapp-backend/node_modules/mongoose/lib/drivers/node-mongodb-native/connection.js:288:14)
      at createClient (/home/z/my-project/whatsapp-backend/node_modules/mongoose/lib/drivers/node-mongodb-native/connection.js:204:71)
      at openUri (/home/z/my-project/whatsapp-backend/node_modules/mongoose/lib/connection.js:766:34)
      at openUri (/home/z/my-project/whatsapp-backend/node_modules/mongoose/lib/connection.js:738:55)
      at connect (/home/z/my-project/whatsapp-backend/node_modules/mongoose/lib/index.js:416:15)
      at connect (/home/z/my-project/whatsapp-backend/node_modules/mongoose/lib/index.js:408:53)
      at /home/z/my-project/whatsapp-backend/server-mongodb.js:13:10
      at loadAndEvaluateModule (2:1)

🚀 WhatsApp Clone Backend running on port 5000
📡 Socket.IO server ready for real-time messaging
🌐 API available at http://localhost:5000/api
🗄️  Connected to MongoDB
Registration error: 230 |     try {
231 |       if (collection == null) {
232 |         const message = 'Cannot call `' + this.name + '.' + i + '()` before initial connection ' +
233 |           'is complete if `bufferCommands = false`. Make sure you `await mongoose.connect()` if ' +
234 |           'you have `bufferCommands = false`.';
235 |         throw new MongooseError(message);
                    ^
MongooseError: Cannot call `users.findOne()` before initial connection is complete if `bufferCommands = false`. Make sure you `await mongoose.connect()` if you have `bufferCommands = false`.
      at <anonymous> (/home/z/my-project/whatsapp-backend/node_modules/mongoose/lib/drivers/node-mongodb-native/collection.js:235:15)
      at _findOne (/home/z/my-project/whatsapp-backend/node_modules/mongoose/lib/query.js:2548:49)
      at _findOne (/home/z/my-project/whatsapp-backend/node_modules/mongoose/lib/query.js:2532:54)
      at exec (/home/z/my-project/whatsapp-backend/node_modules/mongoose/lib/query.js:4447:22)

